{"name": "Проверяем создание заказа", "status": "failed", "statusDetails": {"message": "AssertionError: assert (500 == 201)\n +  where 500 = <Response [500]>.status_code", "trace": "self = <test_make_order.TestMakeOrder object at 0x000001EF1E67E210>, firstName = 'Dart'\nlastName = 'Weider', address = 'Tatooine, 407 apt', metroStation = 4, phone = '+7 800 355 35 35'\nrentTime = '2025-09-06', deliveryDate = 5, comment = 'печенек', colour = ['BLACK']\n\n    @allure.title('Проверяем создание заказа')\n    @allure.description('Проверям возможность совершения заказа с доступным выбором цветов с помощью параметризации. В ответ ждем код 201 и слово track в теле ответа')\n    @pytest.mark.parametrize(TestDataBody.params_order_keys, TestDataBody.params_order_values)\n    def test_create_order(self, firstName, lastName, address, metroStation, phone, rentTime, deliveryDate, comment, colour):\n        payload = {'firstName': firstName, 'lastName': lastName, 'address': address,\n                   'metroStation': metroStation, 'phone': phone, 'rentTime': rentTime,\n                   'deliveryDate': deliveryDate, 'comment': comment, 'colour': colour}\n        response = requests.post(urls.URL_BASE + urls.URL_CREATE_ORDER, json = payload)\n>       assert response.status_code == 201 and 'track' in response.text\nE       assert (500 == 201)\nE        +  where 500 = <Response [500]>.status_code\n\ntests\\test_make_order.py:16: AssertionError"}, "description": "Проверям возможность совершения заказа с доступным выбором цветов с помощью параметризации. В ответ ждем код 201 и слово track в теле ответа", "parameters": [{"name": "firstName", "value": "'Dart'"}, {"name": "lastName", "value": "'Weider'"}, {"name": "address", "value": "'Tatooine, 407 apt'"}, {"name": "metroStation", "value": "4"}, {"name": "phone", "value": "'+7 800 355 35 35'"}, {"name": "deliveryDate", "value": "5"}, {"name": "rentTime", "value": "'2025-09-06'"}, {"name": "comment", "value": "'печенек'"}, {"name": "colour", "value": "['BLACK']"}], "start": 1755447731957, "stop": 1755447732067, "uuid": "46a8dcbd-df6f-4eed-993d-862139b589a9", "historyId": "2f1f98c73c6c283c57f148a321389bd5", "testCaseId": "849639f6c4181d75b47c2c716e3eefc1", "fullName": "tests.test_make_order.TestMakeOrder#test_create_order", "labels": [{"name": "parentSuite", "value": "tests"}, {"name": "suite", "value": "test_make_order"}, {"name": "subSuite", "value": "TestMakeOrder"}, {"name": "host", "value": "Forcecom"}, {"name": "thread", "value": "3868-MainThread"}, {"name": "framework", "value": "pytest"}, {"name": "language", "value": "cpython3"}, {"name": "package", "value": "tests.test_make_order"}], "titlePath": ["tests", "test_make_order.py", "TestMakeOrder"]}